app/build/intermediates/manifest_merge_blame_file/debug/manifest-merger-blame-debug-report.txt
1<?xml version="1.0" encoding="utf-8"?>
2<manifest xmlns:android="http://schemas.android.com/apk/res/android"
3    package="com.example.arduinobt_test"
4    android:versionCode="1"
5    android:versionName="1.0" >
6
7    <uses-sdk
8        android:minSdkVersion="21"
8-->src\main\AndroidManifest.xml
9        android:targetSdkVersion="32" />
9-->src\main\AndroidManifest.xml
10
11    <uses-permission android:name="android.permission.RECORD_AUDIO" />
11-->src\main\AndroidManifest.xml:5:5-71
11-->src\main\AndroidManifest.xml:5:22-68
12    <uses-permission android:name="android.permission.INTERNET" />
12-->src\main\AndroidManifest.xml:6:5-67
12-->src\main\AndroidManifest.xml:6:22-64
13    <uses-permission android:name="android.permission.BLUETOOTH_CONNECT" />
13-->src\main\AndroidManifest.xml:7:5-76
13-->src\main\AndroidManifest.xml:7:22-73
14    <uses-permission android:name="android.permission.BLUETOOTH" />
14-->src\main\AndroidManifest.xml:8:5-68
14-->src\main\AndroidManifest.xml:8:22-65
15    <uses-permission android:name="android.permission.BLUETOOTH_SCAN" />
15-->src\main\AndroidManifest.xml:9:5-73
15-->src\main\AndroidManifest.xml:9:22-70
16    <uses-permission android:name="android.permission.BLUETOOTH" />
16-->src\main\AndroidManifest.xml:8:5-68
16-->src\main\AndroidManifest.xml:8:22-65
17    <uses-permission android:name="android.permission.BLUETOOTH_ADMIN" />
17-->src\main\AndroidManifest.xml:11:5-74
17-->src\main\AndroidManifest.xml:11:22-71
18    <uses-permission android:name="android.permission.ACCESS_FINE_LOCATION" />
18-->src\main\AndroidManifest.xml:12:5-79
18-->src\main\AndroidManifest.xml:12:22-76
19
20    <application
20-->src\main\AndroidManifest.xml:14:5-45:19
21        android:allowBackup="true"
21-->src\main\AndroidManifest.xml:15:9-35
22        android:appComponentFactory="androidx.core.app.CoreComponentFactory"
22-->[androidx.core:core:1.7.0] AndroidManifest.xml:24:18-86
23        android:debuggable="true"
24        android:icon="@mipmap/ic_launcher"
24-->src\main\AndroidManifest.xml:16:9-43
25        android:label="@string/app_name"
25-->src\main\AndroidManifest.xml:17:9-41
26        android:roundIcon="@mipmap/ic_launcher_round"
26-->src\main\AndroidManifest.xml:18:9-54
27        android:supportsRtl="true"
27-->src\main\AndroidManifest.xml:19:9-35
28        android:testOnly="true"
29        android:theme="@style/Theme.ArduinoBT_test" >
29-->src\main\AndroidManifest.xml:20:9-52
30        <activity
30-->src\main\AndroidManifest.xml:21:9-23:40
31            android:name="com.example.arduinobt_test.modes"
31-->src\main\AndroidManifest.xml:22:13-34
32            android:exported="false" />
32-->src\main\AndroidManifest.xml:23:13-37
33        <activity
33-->src\main\AndroidManifest.xml:24:9-26:40
34            android:name="com.example.arduinobt_test.documentation"
34-->src\main\AndroidManifest.xml:25:13-42
35            android:exported="false" />
35-->src\main\AndroidManifest.xml:26:13-37
36        <activity
36-->src\main\AndroidManifest.xml:27:9-29:40
37            android:name="com.example.arduinobt_test.color_picker"
37-->src\main\AndroidManifest.xml:28:13-41
38            android:exported="false" />
38-->src\main\AndroidManifest.xml:29:13-37
39        <activity
39-->src\main\AndroidManifest.xml:30:9-32:40
40            android:name="com.example.arduinobt_test.led_controls"
40-->src\main\AndroidManifest.xml:31:13-41
41            android:exported="false" />
41-->src\main\AndroidManifest.xml:32:13-37
42        <activity
42-->src\main\AndroidManifest.xml:33:9-35:39
43            android:name="com.example.arduinobt_test.bluetooth"
43-->src\main\AndroidManifest.xml:34:13-38
44            android:exported="true" />
44-->src\main\AndroidManifest.xml:35:13-36
45        <activity
45-->src\main\AndroidManifest.xml:36:9-44:20
46            android:name="com.example.arduinobt_test.MainActivity"
46-->src\main\AndroidManifest.xml:37:13-41
47            android:exported="true" >
47-->src\main\AndroidManifest.xml:38:13-36
48            <intent-filter>
48-->src\main\AndroidManifest.xml:39:13-43:29
49                <action android:name="android.intent.action.MAIN" />
49-->src\main\AndroidManifest.xml:40:17-69
49-->src\main\AndroidManifest.xml:40:25-66
50
51                <category android:name="android.intent.category.LAUNCHER" />
51-->src\main\AndroidManifest.xml:42:17-77
51-->src\main\AndroidManifest.xml:42:27-74
52            </intent-filter>
53        </activity>
54
55        <provider
55-->[androidx.emoji2:emoji2:1.0.0] AndroidManifest.xml:26:9-34:20
56            android:name="androidx.startup.InitializationProvider"
56-->[androidx.emoji2:emoji2:1.0.0] AndroidManifest.xml:27:13-67
57            android:authorities="com.example.arduinobt_test.androidx-startup"
57-->[androidx.emoji2:emoji2:1.0.0] AndroidManifest.xml:28:13-68
58            android:exported="false" >
58-->[androidx.emoji2:emoji2:1.0.0] AndroidManifest.xml:29:13-37
59            <meta-data
59-->[androidx.emoji2:emoji2:1.0.0] AndroidManifest.xml:31:13-33:52
60                android:name="androidx.emoji2.text.EmojiCompatInitializer"
60-->[androidx.emoji2:emoji2:1.0.0] AndroidManifest.xml:32:17-75
61                android:value="androidx.startup" />
61-->[androidx.emoji2:emoji2:1.0.0] AndroidManifest.xml:33:17-49
62            <meta-data
62-->[androidx.lifecycle:lifecycle-process:2.4.0] AndroidManifest.xml:31:13-33:52
63                android:name="androidx.lifecycle.ProcessLifecycleInitializer"
63-->[androidx.lifecycle:lifecycle-process:2.4.0] AndroidManifest.xml:32:17-78
64                android:value="androidx.startup" />
64-->[androidx.lifecycle:lifecycle-process:2.4.0] AndroidManifest.xml:33:17-49
65        </provider>
66    </application>
67
68</manifest>